Flow report for DE2_Audio_Example
Fri Nov 28 03:08:53 2014
Quartus II 32-bit Version 11.1 Build 259 01/25/2012 Service Pack 2.11 SJ Web Edition


---------------------
; Table of Contents ;
---------------------
  1. Legal Notice
  2. Flow Summary
  3. Flow Settings
  4. Flow Non-Default Global Settings
  5. Flow Elapsed Time
  6. Flow OS Summary
  7. Flow Log



----------------
; Legal Notice ;
----------------
Copyright (C) 1991-2011 Altera Corporation
Your use of Altera Corporation's design tools, logic functions 
and other software and tools, and its AMPP partner logic 
functions, and any output files from any of the foregoing 
(including device programming or simulation files), and any 
associated documentation or information are expressly subject 
to the terms and conditions of the Altera Program License 
Subscription Agreement, Altera MegaCore Function License 
Agreement, or other applicable license agreement, including, 
without limitation, that your use is for the sole purpose of 
programming logic devices manufactured by Altera and sold by 
Altera or its authorized distributors.  Please refer to the 
applicable agreement for further details.



+---------------------------------------------------------------------------------------+
; Flow Summary                                                                          ;
+------------------------------------+--------------------------------------------------+
; Flow Status                        ; Successful - Fri Nov 28 03:08:39 2014            ;
; Quartus II 32-bit Version          ; 11.1 Build 259 01/25/2012 SP 2.11 SJ Web Edition ;
; Revision Name                      ; DE2_Audio_Example                                ;
; Top-level Entity Name              ; DE2_Audio_Example                                ;
; Family                             ; Cyclone II                                       ;
; Device                             ; EP2C35F672C6                                     ;
; Timing Models                      ; Final                                            ;
; Total logic elements               ; 1,446 / 33,216 ( 4 % )                           ;
;     Total combinational functions  ; 1,436 / 33,216 ( 4 % )                           ;
;     Dedicated logic registers      ; 241 / 33,216 ( < 1 % )                           ;
; Total registers                    ; 241                                              ;
; Total pins                         ; 44 / 475 ( 9 % )                                 ;
; Total virtual pins                 ; 0                                                ;
; Total memory bits                  ; 8,192 / 483,840 ( 2 % )                          ;
; Embedded Multiplier 9-bit elements ; 0 / 70 ( 0 % )                                   ;
; Total PLLs                         ; 1 / 4 ( 25 % )                                   ;
+------------------------------------+--------------------------------------------------+


+-----------------------------------------+
; Flow Settings                           ;
+-------------------+---------------------+
; Option            ; Setting             ;
+-------------------+---------------------+
; Start date & time ; 11/28/2014 03:08:09 ;
; Main task         ; Compilation         ;
; Revision Name     ; DE2_Audio_Example   ;
+-------------------+---------------------+


+----------------------------------------------------------------------------------------------------------------------------------+
; Flow Non-Default Global Settings                                                                                                 ;
+-------------------------------------+--------------------------------+--------------------------------+-------------+------------+
; Assignment Name                     ; Value                          ; Default Value                  ; Entity Name ; Section Id ;
+-------------------------------------+--------------------------------+--------------------------------+-------------+------------+
; COMPILER_SIGNATURE_ID               ; 88263142889460.141716208902912 ; --                             ; --          ; --         ;
; OPTIMIZE_HOLD_TIMING                ; All Paths                      ; IO Paths and Minimum TPD Paths ; --          ; --         ;
; OPTIMIZE_MULTI_CORNER_TIMING        ; On                             ; Off                            ; --          ; --         ;
; PARTITION_COLOR                     ; 2147039                        ; --                             ; --          ; Top        ;
; PARTITION_FITTER_PRESERVATION_LEVEL ; PLACEMENT_AND_ROUTING          ; --                             ; --          ; Top        ;
; PARTITION_NETLIST_TYPE              ; SOURCE                         ; --                             ; --          ; Top        ;
; USE_GENERATED_PHYSICAL_CONSTRAINTS  ; Off                            ; --                             ; --          ; eda_palace ;
; VERILOG_INPUT_VERSION               ; SystemVerilog_2005             ; Verilog_2001                   ; --          ; --         ;
; VERILOG_SHOW_LMF_MAPPING_MESSAGES   ; Off                            ; --                             ; --          ; --         ;
+-------------------------------------+--------------------------------+--------------------------------+-------------+------------+


+-------------------------------------------------------------------------------------------------------------------------------+
; Flow Elapsed Time                                                                                                             ;
+---------------------------+--------------+-------------------------+---------------------+------------------------------------+
; Module Name               ; Elapsed Time ; Average Processors Used ; Peak Virtual Memory ; Total CPU Time (on all processors) ;
+---------------------------+--------------+-------------------------+---------------------+------------------------------------+
; Analysis & Synthesis      ; 00:00:12     ; 1.0                     ; 330 MB              ; 00:00:12                           ;
; Fitter                    ; 00:00:13     ; 1.0                     ; 424 MB              ; 00:00:13                           ;
; Assembler                 ; 00:00:02     ; 1.0                     ; 356 MB              ; 00:00:02                           ;
; TimeQuest Timing Analyzer ; 00:00:13     ; 1.0                     ; 312 MB              ; 00:00:12                           ;
; Total                     ; 00:00:40     ; --                      ; --                  ; 00:00:39                           ;
+---------------------------+--------------+-------------------------+---------------------+------------------------------------+


+----------------------------------------------------------------------------------------+
; Flow OS Summary                                                                        ;
+---------------------------+------------------+-----------+------------+----------------+
; Module Name               ; Machine Hostname ; OS Name   ; OS Version ; Processor type ;
+---------------------------+------------------+-----------+------------+----------------+
; Analysis & Synthesis      ; Victor           ; Windows 7 ; 6.2        ; x86_64         ;
; Fitter                    ; Victor           ; Windows 7 ; 6.2        ; x86_64         ;
; Assembler                 ; Victor           ; Windows 7 ; 6.2        ; x86_64         ;
; TimeQuest Timing Analyzer ; Victor           ; Windows 7 ; 6.2        ; x86_64         ;
+---------------------------+------------------+-----------+------------+----------------+


------------
; Flow Log ;
------------
quartus_map --read_settings_files=on --write_settings_files=off DE2_Audio_Example -c DE2_Audio_Example
quartus_fit --read_settings_files=off --write_settings_files=off DE2_Audio_Example -c DE2_Audio_Example
quartus_asm --read_settings_files=off --write_settings_files=off DE2_Audio_Example -c DE2_Audio_Example
quartus_sta DE2_Audio_Example -c DE2_Audio_Example



